C51 COMPILER V9.60.7.0   MAIN                                                              12/28/2022 21:12:46 PAGE 1   


C51 COMPILER V9.60.7.0, COMPILATION OF MODULE MAIN
OBJECT MODULE PLACED IN .\Objects\main.obj
COMPILER INVOKED BY: C:\Keil_v5\C51\BIN\C51.EXE main.c OPTIMIZE(8,SPEED) BROWSE DEBUG OBJECTEXTEND PRINT(.\Listings\main
                    -.lst) TABS(2) OBJECT(.\Objects\main.obj)

line level    source

   1          // File Name: main.c
   2          // Author: Tanaka Hao
   3          // Description: To show random pattern of 8 LEDs. 2 modes supported: manual & Auto
   4          // Date: 22.12.28
   5          
   6          #include <REGX52.H>
   7          #include <stdlib.h>
   8          #include "types.h"
   9          #include "key.h"
  10          
  11          #define MAX 255
  12          #define MIN 1
  13          
  14          typedef enum{
  15              KEYM,
  16              AUTO
  17          }ENUM_STATE;     
  18          ENUM_STATE system_state = KEYM;    
  19          bit key_auto_flag = 0;   //0 -- key mode; 1 -- Auto mode
  20          
  21          void configTimer0();
  22          void systemStateCtrl();
  23          void systemStateWork();
  24          void KeyModeWork();
  25          void AutoModeWork();
  26          uint random(uint seed);
  27          
  28          static bit pressed = 0;
  29          static uchar flag1ms, flag10ms, flag100ms;
  30          static uchar LED=0xFF;
  31          static uint seed=0;
  32          
  33          void main()
  34          {
  35   1        configTimer0();
  36   1        
  37   1        while (1)
  38   1        {
  39   2          if (seed < 65535)
  40   2          {
  41   3            seed+=1;
  42   3          }
  43   2          else
  44   2          {
  45   3            seed=0;
  46   3          }
  47   2          systemStateWork();
  48   2          if (++flag100ms>=100)
  49   2          {
  50   3            flag100ms=0;
  51   3            P2=LED;
  52   3          }
  53   2        }
  54   1      }
C51 COMPILER V9.60.7.0   MAIN                                                              12/28/2022 21:12:46 PAGE 2   

  55          
  56          void systemStateCtrl()
  57          {
  58   1        switch (system_state)
  59   1        {
  60   2          case KEYM:
  61   2            if (key_auto_flag) system_state=AUTO;
  62   2            break;
  63   2          case AUTO:
  64   2            if (!key_auto_flag) system_state=KEYM;
  65   2            break;
  66   2        }
  67   1      }
  68          
  69          void systemStateWork()
  70          {
  71   1        if (scanButton2())
  72   1        {
  73   2          key_auto_flag = ~key_auto_flag;
  74   2          systemStateCtrl();
  75   2        }
  76   1        switch( system_state ){
  77   2          case KEYM:
  78   2            KeyModeWork();   
  79   2            break;
  80   2          case AUTO:
  81   2            AutoModeWork();    
  82   2            break;
  83   2        }
  84   1      }
  85          
  86          void KeyModeWork()
  87          {
  88   1          if (pressed)
  89   1          {
  90   2            LED=random(seed);
  91   2            pressed=0;
  92   2          }
  93   1          if (flag1ms) flag1ms=0;
  94   1          if (++flag10ms>=10)
  95   1          {
  96   2            flag10ms=0;
  97   2            pressed=scanButton1();
  98   2          }
  99   1      }
 100          
 101          void AutoModeWork()
 102          {
 103   1        static uchar count = 0;
 104   1          if (flag1ms) flag1ms=0;
 105   1          if (++flag10ms>=10)
 106   1          {
 107   2            flag10ms=0;
 108   2            if (++count==150)
 109   2            {
 110   3              LED=random(seed);
 111   3              count=0;
 112   3            }
 113   2          }
 114   1      }
 115          
 116          uint random(uint seed)
C51 COMPILER V9.60.7.0   MAIN                                                              12/28/2022 21:12:46 PAGE 3   

 117          {
 118   1         uint value;
 119   1         srand(seed);
 120   1         value = rand() % (MAX + 1 - MIN)+ MIN;               //get a random num (MIN-MAX)
 121   1         return value;
 122   1      }
 123          
 124          void configTimer0()
 125          {
 126   1          TMOD=0x01; //0000 0001
 127   1          TH0 = (65536 - 1000) / 256; //delay 1ms
 128   1          TL0 = (65536 - 1000) % 256;
 129   1          TR0 = 1;
 130   1          ET0 = 1;
 131   1          EA = 1;
 132   1      }
 133          
 134          void timer0() interrupt 1
 135          {
 136   1        flag1ms=1;
 137   1        TH0 = (65536 - 1000) / 256; 
 138   1        TL0 = (65536 - 1000) % 256;
 139   1      }


MODULE INFORMATION:   STATIC OVERLAYABLE
   CODE SIZE        =    229    ----
   CONSTANT SIZE    =   ----    ----
   XDATA SIZE       =   ----    ----
   PDATA SIZE       =   ----    ----
   DATA SIZE        =      8    ----
   IDATA SIZE       =   ----    ----
   BIT SIZE         =      2    ----
END OF MODULE INFORMATION.


C51 COMPILATION COMPLETE.  0 WARNING(S),  0 ERROR(S)
